

Version:	3.50
CmdLine:	Z:\rsync\RESEARCHS\moodle\eclipse\javaws\moodle_att_https\dist\kalesang.exe --l4j-debug
JNI:		No
WOW64:		Yes
Working dir:	Z:\rsync\RESEARCHS\moodle\eclipse\javaws\moodle_att_https\dist\.
Requires JDK:	No
Requires 64-Bit: No
Java min ver:	1.007.000
Java max ver:	
Substitute:	JAVA_HOME = Z:\remove_programs\eclipse-java-kepler-SR1-win32-x86_64\jdk1.8.0_40
Substitute:	PATH = C:\Program Files (x86)\Common Files\Oracle\Java\javapath;Z:\.sys\miniperl\bin;Z:\.sys\php;C:\WINDOWS\system32;C:\WINDOWS;C:\WINDOWS\System32\Wbem;C:\WINDOWS\System32\WindowsPowerShell\v1.0\;C:\WINDOWS\System32\OpenSSH\;C:\Program Files (x86)\Calibre2\;C:\Program Files\MiKTeX 2.9\miktex\bin\x64\;C:\Program Files (x86)\LyX 2.3\Perl\bin;f:\Program Files (x86)\PDFtk\bin;Z:\remove_programs\eclipse-java-kepler-SR1-win32-x86_64\jdk1.8.0_40\bin;Z:\remove_programs\eclipse-java-kepler-SR1-win32-x86_64\jdk1.8.0_40\jre\bin;F:\rsync\RESEARCHS\fingerprint\github_x240\zk4500biotime\javaws\espeak_installed\command_line;F:\Program Files (x86)\Microsoft Visual Studio 9.0\VC\bin;C:\Users\User\AppData\Local\Microsoft\WindowsApps;C:\Users\User\AppData\Roaming\Composer\vendor\bin;F:\master\java\jdk1.8.0_40\jre\bin;F:\master\java\jdk1.8.0_40\bin;F:\rsync\RESEARCHS\htk\softs_tools\nist\nist\src\bin;;Z:\remove_programs\eclipse-java-kepler-SR1-win32-x86_64\jdk1.8.0_40\bin
JRE paths:	Z:\remove_programs\eclipse-java-kepler-SR1-win32-x86_64\jdk1.8.0_40;C:\Program Files (x86)\Common Files\Oracle\Java\javapath;Z:\.sys\miniperl\bin;Z:\.sys\php;C:\WINDOWS\system32;C:\WINDOWS;C:\WINDOWS\System32\Wbem;C:\WINDOWS\System32\WindowsPowerShell\v1.0\;C:\WINDOWS\System32\OpenSSH\;C:\Program Files (x86)\Calibre2\;C:\Program Files\MiKTeX 2.9\miktex\bin\x64\;C:\Program Files (x86)\LyX 2.3\Perl\bin;f:\Program Files (x86)\PDFtk\bin;Z:\remove_programs\eclipse-java-kepler-SR1-win32-x86_64\jdk1.8.0_40\bin;Z:\remove_programs\eclipse-java-kepler-SR1-win32-x86_64\jdk1.8.0_40\jre\bin;F:\rsync\RESEARCHS\fingerprint\github_x240\zk4500biotime\javaws\espeak_installed\command_line;F:\Program Files (x86)\Microsoft Visual Studio 9.0\VC\bin;C:\Users\User\AppData\Local\Microsoft\WindowsApps;C:\Users\User\AppData\Roaming\Composer\vendor\bin;F:\master\java\jdk1.8.0_40\jre\bin;F:\master\java\jdk1.8.0_40\bin;F:\rsync\RESEARCHS\htk\softs_tools\nist\nist\src\bin;;Z:\remove_programs\eclipse-java-kepler-SR1-win32-x86_64\jdk1.8.0_40\bin
Check launcher:	Z:\remove_programs\eclipse-java-kepler-SR1-win32-x86_64\jdk1.8.0_40\bin\javaw.exe (OK)
Version string: 1.008.000_040 / 64-Bit (OK)
Launcher:	Z:\remove_programs\eclipse-java-kepler-SR1-win32-x86_64\jdk1.8.0_40\bin\javaw.exe
Launcher args:	-jar "Z:\rsync\RESEARCHS\moodle\eclipse\javaws\moodle_att_https\dist\kalesang.exe"
Args length:	82/32768 chars
Exit code:	0


Version:	3.50
CmdLine:	Z:\rsync\RESEARCHS\moodle\eclipse\javaws\moodle_att_https\dist\kalesang.exe --l4j-debug
JNI:		No
WOW64:		Yes
Working dir:	Z:\rsync\RESEARCHS\moodle\eclipse\javaws\moodle_att_https\dist\.
Requires JDK:	No
Requires 64-Bit: No
Java min ver:	1.007.000
Java max ver:	
Substitute:	JAVA_HOME = Z:\remove_programs\eclipse-java-kepler-SR1-win32-x86_64\jdk1.8.0_40
Substitute:	PATH = C:\Program Files (x86)\Common Files\Oracle\Java\javapath;Z:\.sys\miniperl\bin;Z:\.sys\php;C:\WINDOWS\system32;C:\WINDOWS;C:\WINDOWS\System32\Wbem;C:\WINDOWS\System32\WindowsPowerShell\v1.0\;C:\WINDOWS\System32\OpenSSH\;C:\Program Files (x86)\Calibre2\;C:\Program Files\MiKTeX 2.9\miktex\bin\x64\;C:\Program Files (x86)\LyX 2.3\Perl\bin;f:\Program Files (x86)\PDFtk\bin;Z:\remove_programs\eclipse-java-kepler-SR1-win32-x86_64\jdk1.8.0_40\bin;Z:\remove_programs\eclipse-java-kepler-SR1-win32-x86_64\jdk1.8.0_40\jre\bin;F:\rsync\RESEARCHS\fingerprint\github_x240\zk4500biotime\javaws\espeak_installed\command_line;F:\Program Files (x86)\Microsoft Visual Studio 9.0\VC\bin;C:\Users\User\AppData\Local\Microsoft\WindowsApps;C:\Users\User\AppData\Roaming\Composer\vendor\bin;F:\master\java\jdk1.8.0_40\jre\bin;F:\master\java\jdk1.8.0_40\bin;F:\rsync\RESEARCHS\htk\softs_tools\nist\nist\src\bin;;Z:\remove_programs\eclipse-java-kepler-SR1-win32-x86_64\jdk1.8.0_40\bin
JRE paths:	Z:\remove_programs\eclipse-java-kepler-SR1-win32-x86_64\jdk1.8.0_40;C:\Program Files (x86)\Common Files\Oracle\Java\javapath;Z:\.sys\miniperl\bin;Z:\.sys\php;C:\WINDOWS\system32;C:\WINDOWS;C:\WINDOWS\System32\Wbem;C:\WINDOWS\System32\WindowsPowerShell\v1.0\;C:\WINDOWS\System32\OpenSSH\;C:\Program Files (x86)\Calibre2\;C:\Program Files\MiKTeX 2.9\miktex\bin\x64\;C:\Program Files (x86)\LyX 2.3\Perl\bin;f:\Program Files (x86)\PDFtk\bin;Z:\remove_programs\eclipse-java-kepler-SR1-win32-x86_64\jdk1.8.0_40\bin;Z:\remove_programs\eclipse-java-kepler-SR1-win32-x86_64\jdk1.8.0_40\jre\bin;F:\rsync\RESEARCHS\fingerprint\github_x240\zk4500biotime\javaws\espeak_installed\command_line;F:\Program Files (x86)\Microsoft Visual Studio 9.0\VC\bin;C:\Users\User\AppData\Local\Microsoft\WindowsApps;C:\Users\User\AppData\Roaming\Composer\vendor\bin;F:\master\java\jdk1.8.0_40\jre\bin;F:\master\java\jdk1.8.0_40\bin;F:\rsync\RESEARCHS\htk\softs_tools\nist\nist\src\bin;;Z:\remove_programs\eclipse-java-kepler-SR1-win32-x86_64\jdk1.8.0_40\bin
Check launcher:	Z:\remove_programs\eclipse-java-kepler-SR1-win32-x86_64\jdk1.8.0_40\bin\javaw.exe (OK)
Version string: 1.008.000_040 / 64-Bit (OK)
Launcher:	Z:\remove_programs\eclipse-java-kepler-SR1-win32-x86_64\jdk1.8.0_40\bin\javaw.exe
Launcher args:	-jar "Z:\rsync\RESEARCHS\moodle\eclipse\javaws\moodle_att_https\dist\kalesang.exe"
Args length:	82/32768 chars
Exit code:	0
